<?xml version="1.0" encoding="UTF-8"?>
<testsuite name="Tests" tests="1" skipped="0" failures="0" errors="0" timestamp="2022-05-06T07:42:21" hostname="jotebook" time="1.484">
  <properties/>
  <testcase name="testSolution" classname="Tests" time="1.484"/>
  <system-out><![CDATA[]]></system-out>
  <system-err><![CDATA[]]></system-err>
</testsuite>
