<?xml version="1.0" encoding="UTF-8"?>
<testsuite name="Tests" tests="1" skipped="0" failures="0" errors="0" timestamp="2022-05-11T16:07:42" hostname="jotebook" time="0.675">
  <properties/>
  <testcase name="testSolution" classname="Tests" time="0.675"/>
  <system-out><![CDATA[]]></system-out>
  <system-err><![CDATA[]]></system-err>
</testsuite>
