<?xml version="1.0" encoding="UTF-8"?>
<testsuite name="Tests" tests="1" skipped="0" failures="0" errors="0" timestamp="2022-05-11T15:51:16" hostname="jotebook" time="0.62">
  <properties/>
  <testcase name="testSolution" classname="Tests" time="0.62"/>
  <system-out><![CDATA[]]></system-out>
  <system-err><![CDATA[]]></system-err>
</testsuite>
