<?xml version="1.0" encoding="UTF-8"?>
<testsuite name="Tests" tests="1" skipped="0" failures="0" errors="0" timestamp="2022-06-24T10:24:46" hostname="jotebook" time="14.347">
  <properties/>
  <testcase name="testSolution" classname="Tests" time="14.347"/>
  <system-out><![CDATA[]]></system-out>
  <system-err><![CDATA[]]></system-err>
</testsuite>
