<?xml version="1.0" encoding="UTF-8"?>
<testsuite name="Tests" tests="1" skipped="0" failures="0" errors="0" timestamp="2022-06-02T11:13:14" hostname="jotebook" time="1.5">
  <properties/>
  <testcase name="testSolution" classname="Tests" time="1.5"/>
  <system-out><![CDATA[]]></system-out>
  <system-err><![CDATA[]]></system-err>
</testsuite>
