<?xml version="1.0" encoding="UTF-8"?>
<testsuite name="Tests" tests="1" skipped="0" failures="0" errors="0" timestamp="2022-04-22T06:35:19" hostname="jotebook" time="0.36">
  <properties/>
  <testcase name="testSolution" classname="Tests" time="0.36"/>
  <system-out><![CDATA[]]></system-out>
  <system-err><![CDATA[]]></system-err>
</testsuite>
