<?xml version="1.0" encoding="UTF-8"?>
<testsuite name="Tests" tests="1" skipped="0" failures="0" errors="0" timestamp="2022-05-11T16:47:28" hostname="jotebook" time="0.716">
  <properties/>
  <testcase name="testSolution" classname="Tests" time="0.716"/>
  <system-out><![CDATA[Konnte Datei nicht kopieren.
]]></system-out>
  <system-err><![CDATA[]]></system-err>
</testsuite>
