<?xml version="1.0" encoding="UTF-8"?>
<testsuite name="Tests" tests="1" skipped="0" failures="0" errors="0" timestamp="2022-06-24T10:38:01" hostname="jotebook" time="37.083">
  <properties/>
  <testcase name="testSolution" classname="Tests" time="37.083"/>
  <system-out><![CDATA[]]></system-out>
  <system-err><![CDATA[]]></system-err>
</testsuite>
